{
  "RSpec": {
    "coverage": {
      "/Users/johnnapier/Turing/mod2/practice_ics/apollo_14.2.0/config/environment.rb": {
        "lines": [
          null,
          1,
          null,
          null,
          1
        ]
      },
      "/Users/johnnapier/Turing/mod2/practice_ics/apollo_14.2.0/config/application.rb": {
        "lines": [
          1,
          null,
          1,
          null,
          1,
          1,
          1,
          1,
          1,
          1,
          1,
          1,
          1,
          null,
          null,
          null,
          null,
          1,
          null,
          1,
          1,
          null,
          1,
          null,
          null,
          null,
          null,
          null,
          null,
          null,
          1,
          null,
          null
        ]
      },
      "/Users/johnnapier/Turing/mod2/practice_ics/apollo_14.2.0/config/boot.rb": {
        "lines": [
          1,
          null,
          1,
          1
        ]
      },
      "/Users/johnnapier/Turing/mod2/practice_ics/apollo_14.2.0/config/environments/test.rb": {
        "lines": [
          1,
          null,
          null,
          null,
          null,
          null,
          null,
          1,
          null,
          null,
          null,
          null,
          1,
          null,
          null,
          1,
          1,
          null,
          null,
          null,
          null,
          1,
          1,
          null,
          null,
          1,
          null,
          null,
          1,
          null,
          null,
          1,
          null,
          1,
          null,
          null,
          null,
          null,
          1,
          null,
          null,
          1,
          null,
          null,
          null,
          null
        ]
      },
      "/Users/johnnapier/Turing/mod2/practice_ics/apollo_14.2.0/config/initializers/application_controller_renderer.rb": {
        "lines": [
          null,
          null,
          null,
          null,
          null,
          null,
          null,
          null
        ]
      },
      "/Users/johnnapier/Turing/mod2/practice_ics/apollo_14.2.0/config/initializers/assets.rb": {
        "lines": [
          null,
          null,
          null,
          1,
          null,
          null,
          null,
          null,
          1,
          null,
          null,
          null,
          null,
          null
        ]
      },
      "/Users/johnnapier/Turing/mod2/practice_ics/apollo_14.2.0/config/initializers/backtrace_silencers.rb": {
        "lines": [
          null,
          null,
          null,
          null,
          null,
          null,
          null
        ]
      },
      "/Users/johnnapier/Turing/mod2/practice_ics/apollo_14.2.0/config/initializers/content_security_policy.rb": {
        "lines": [
          null,
          null,
          null,
          null,
          null,
          null,
          null,
          null,
          null,
          null,
          null,
          null,
          null,
          null,
          null,
          null,
          null,
          null,
          null,
          null,
          null,
          null,
          null,
          null,
          null
        ]
      },
      "/Users/johnnapier/Turing/mod2/practice_ics/apollo_14.2.0/config/initializers/cookies_serializer.rb": {
        "lines": [
          null,
          null,
          null,
          null,
          1
        ]
      },
      "/Users/johnnapier/Turing/mod2/practice_ics/apollo_14.2.0/config/initializers/filter_parameter_logging.rb": {
        "lines": [
          null,
          null,
          null,
          1
        ]
      },
      "/Users/johnnapier/Turing/mod2/practice_ics/apollo_14.2.0/config/initializers/inflections.rb": {
        "lines": [
          null,
          null,
          null,
          null,
          null,
          null,
          null,
          null,
          null,
          null,
          null,
          null,
          null,
          null,
          null,
          null
        ]
      },
      "/Users/johnnapier/Turing/mod2/practice_ics/apollo_14.2.0/config/initializers/mime_types.rb": {
        "lines": [
          null,
          null,
          null,
          null
        ]
      },
      "/Users/johnnapier/Turing/mod2/practice_ics/apollo_14.2.0/config/initializers/wrap_parameters.rb": {
        "lines": [
          null,
          null,
          null,
          null,
          null,
          null,
          1,
          2,
          null,
          null,
          null,
          null,
          null,
          null
        ]
      },
      "/Users/johnnapier/Turing/mod2/practice_ics/apollo_14.2.0/config/routes.rb": {
        "lines": [
          1,
          null,
          null
        ]
      },
      "/Users/johnnapier/Turing/mod2/practice_ics/apollo_14.2.0/app/helpers/application_helper.rb": {
        "lines": [
          1,
          null
        ]
      },
      "/Users/johnnapier/Turing/mod2/practice_ics/apollo_14.2.0/app/models/astronaut_mission.rb": {
        "lines": [
          1,
          1,
          1,
          null
        ]
      },
      "/Users/johnnapier/Turing/mod2/practice_ics/apollo_14.2.0/app/models/application_record.rb": {
        "lines": [
          1,
          1,
          null
        ]
      },
      "/Users/johnnapier/Turing/mod2/practice_ics/apollo_14.2.0/spec/models/astronaut_spec.rb": {
        "lines": [
          1,
          null,
          1,
          1,
          2,
          2,
          2,
          null,
          null,
          1,
          2,
          2,
          null,
          null
        ]
      },
      "/Users/johnnapier/Turing/mod2/practice_ics/apollo_14.2.0/app/models/astronaut.rb": {
        "lines": [
          1,
          null
        ]
      },
      "/Users/johnnapier/Turing/mod2/practice_ics/apollo_14.2.0/spec/models/mission_spec.rb": {
        "lines": [
          1,
          null,
          1,
          1,
          2,
          2,
          null,
          null,
          1,
          2,
          2,
          null,
          null
        ]
      },
      "/Users/johnnapier/Turing/mod2/practice_ics/apollo_14.2.0/app/models/mission.rb": {
        "lines": [
          1,
          null
        ]
      }
    },
    "timestamp": 1639790031
  }
}
